Using pre-set license
Built from '2020.2/release' branch; Version is '2020.2.2f1 (068178b99f32) revision 426360'; Using compiler version '192528614'; Build Type 'Release'
OS: 'Windows 10 Home; OS build 19041.985; Version 2004; 64bit' Language: 'en' Physical Memory: 16343 MB
BatchMode: 1, IsHumanControllingUs: 0, StartBugReporterOnCrash: 0, Is64bit: 1, IsPro: 0

 COMMAND LINE ARGUMENTS:
C:\Tafe\2020.2.2f1\Editor\Unity.exe
-adb2
-batchMode
-noUpm
-name
AssetImportWorker0
-projectPath
C:/Tafe/Diploma/FrameWork
-logFile
Logs/AssetImportWorker0.log
-srvPort
52548
Successfully changed project path to: C:/Tafe/Diploma/FrameWork
C:/Tafe/Diploma/FrameWork
Using Asset Import Pipeline V2.
Refreshing native plugins compatible for Editor in 21.83 ms, found 0 plugins.
Preloading 0 native plugins for Editor in 0.00 ms.
Initialize engine version: 2020.2.2f1 (068178b99f32)
[Subsystems] Discovering subsystems at path C:/Tafe/2020.2.2f1/Editor/Data/Resources/UnitySubsystems
[Subsystems] Discovering subsystems at path C:/Tafe/Diploma/FrameWork/Assets
GfxDevice: creating device client; threaded=0
Direct3D:
    Version:  Direct3D 11.0 [level 11.1]
    Renderer: NVIDIA GeForce GTX 1070 (ID=0x1b81)
    Vendor:   
    VRAM:     8088 MB
    Driver:   27.21.14.6109
Initialize mono
Mono path[0] = 'C:/Tafe/2020.2.2f1/Editor/Data/Managed'
Mono path[1] = 'C:/Tafe/2020.2.2f1/Editor/Data/MonoBleedingEdge/lib/mono/unityjit'
Mono config path = 'C:/Tafe/2020.2.2f1/Editor/Data/MonoBleedingEdge/etc'
Using monoOptions --debugger-agent=transport=dt_socket,embedding=1,server=y,suspend=n,address=127.0.0.1:56660
Begin MonoManager ReloadAssembly
Registering precompiled unity dll's ...
Register platform support module: C:/Tafe/2020.2.2f1/Editor/Data/PlaybackEngines/WindowsStandaloneSupport/UnityEditor.WindowsStandalone.Extensions.dll
Registered in 0.001921 seconds.
Native extension for WindowsStandalone target not found
Refreshing native plugins compatible for Editor in 21.00 ms, found 0 plugins.
Preloading 0 native plugins for Editor in 0.00 ms.
Invoked RoslynAnalysisRunner static constructor.
RoslynAnalysisRunner will not be running.
RoslynAnalysisRunner has terminated.
Mono: successfully reloaded assembly
- Completed reload, in  2.056 seconds
Platform modules already initialized, skipping
Registering precompiled user dll's ...
Registered in 0.000674 seconds.
Begin MonoManager ReloadAssembly
Native extension for WindowsStandalone target not found
Refreshing native plugins compatible for Editor in 0.22 ms, found 0 plugins.
Preloading 0 native plugins for Editor in 0.00 ms.
Invoked RoslynAnalysisRunner static constructor.
RoslynAnalysisRunner will not be running.
RoslynAnalysisRunner has terminated.
Mono: successfully reloaded assembly
- Completed reload, in  0.789 seconds
Platform modules already initialized, skipping
========================================================================
Worker process is ready to serve import requests
Launched and connected shader compiler UnityShaderCompiler.exe after 0.11 seconds
Refreshing native plugins compatible for Editor in 0.18 ms, found 0 plugins.
Preloading 0 native plugins for Editor in 0.00 ms.
Unloading 1101 Unused Serialized files (Serialized files now loaded: 0)
System memory in use before: 56.6 MB.
System memory in use after: 56.7 MB.

Unloading 10 unused Assets to reduce memory usage. Loaded Objects now: 1542.
Total: 1.620700 ms (FindLiveObjects: 0.177300 ms CreateObjectMapping: 0.049700 ms MarkObjects: 1.319200 ms  DeleteObjects: 0.073300 ms)

========================================================================
Received Import Request.
  path: Assets/Scenes/SampleScene.unity
  artifactKey: Guid(9fc0d4010bbf28b4594072e72b8655ab) Importer(815301076,1909f56bfc062723c751e8b465ee728b)
Start importing Assets/Scenes/SampleScene.unity using Guid(9fc0d4010bbf28b4594072e72b8655ab) Importer(815301076,1909f56bfc062723c751e8b465ee728b)  -> (artifact id: 'ca44b91912810e67fea71aeeb2066a4d') in 0.015761 seconds
  Import took 0.017742 seconds .

========================================================================
Received Import Request.
  Time since last request: 5.064796 seconds.
  path: Assets/Scenes/Dialogue.unity
  artifactKey: Guid(9fc0d4010bbf28b4594072e72b8655ab) Importer(815301076,1909f56bfc062723c751e8b465ee728b)
Start importing Assets/Scenes/Dialogue.unity using Guid(9fc0d4010bbf28b4594072e72b8655ab) Importer(815301076,1909f56bfc062723c751e8b465ee728b)  -> (artifact id: 'dda9492b4c479fcb9601753d546f00ae') in 0.006502 seconds
  Import took 0.008820 seconds .

========================================================================
Received Import Request.
  Time since last request: 9.750183 seconds.
  path: Assets/Scenes/Algorithms.unity
  artifactKey: Guid(cd1aba0e1599d3a4ba6d5010cd46d43f) Importer(815301076,1909f56bfc062723c751e8b465ee728b)
Start importing Assets/Scenes/Algorithms.unity using Guid(cd1aba0e1599d3a4ba6d5010cd46d43f) Importer(815301076,1909f56bfc062723c751e8b465ee728b)  -> (artifact id: 'f41d5994be42b2bedbc5419b574e90f4') in 0.006449 seconds
  Import took 0.008416 seconds .

========================================================================
Received Import Request.
  Time since last request: 213.209661 seconds.
  path: Assets/Scripts/Sorting
  artifactKey: Guid(0a50954d7f361f5489c6c8114be37542) Importer(815301076,1909f56bfc062723c751e8b465ee728b)
Start importing Assets/Scripts/Sorting using Guid(0a50954d7f361f5489c6c8114be37542) Importer(815301076,1909f56bfc062723c751e8b465ee728b)  -> (artifact id: '6a78ca77aaa049bc55936bd3ff474958') in 0.006662 seconds
  Import took 0.008586 seconds .

========================================================================
Received Import Request.
  Time since last request: 9.921988 seconds.
  path: Assets/Scripts/Sorting/SelectionSort.cs
  artifactKey: Guid(886a3f71a7e92df4b98f5eee0f1eacbb) Importer(815301076,1909f56bfc062723c751e8b465ee728b)
Start importing Assets/Scripts/Sorting/SelectionSort.cs using Guid(886a3f71a7e92df4b98f5eee0f1eacbb) Importer(815301076,1909f56bfc062723c751e8b465ee728b)  -> (artifact id: '2c833c2edbf0d49453b61310a17c5bd7') in 0.058666 seconds
  Import took 0.061721 seconds .

========================================================================
Received Import Request.
  Time since last request: 50.242080 seconds.
  path: Assets/Scripts/Sorting/SelectionSort.cs
  artifactKey: Guid(886a3f71a7e92df4b98f5eee0f1eacbb) Importer(815301076,1909f56bfc062723c751e8b465ee728b)
Start importing Assets/Scripts/Sorting/SelectionSort.cs using Guid(886a3f71a7e92df4b98f5eee0f1eacbb) Importer(815301076,1909f56bfc062723c751e8b465ee728b)  -> (artifact id: '96e9a87b8e207ea0f6cc74b43e45462b') in 0.002872 seconds
  Import took 0.004649 seconds .

========================================================================
Received Import Request.
  Time since last request: 27.974961 seconds.
  path: Assets/Scripts/Sorting/SelectionSort.cs
  artifactKey: Guid(886a3f71a7e92df4b98f5eee0f1eacbb) Importer(815301076,1909f56bfc062723c751e8b465ee728b)
Start importing Assets/Scripts/Sorting/SelectionSort.cs using Guid(886a3f71a7e92df4b98f5eee0f1eacbb) Importer(815301076,1909f56bfc062723c751e8b465ee728b)  -> (artifact id: '0b9fa7ffd2e4c3e34954401384bdc3fa') in 0.002877 seconds
  Import took 0.005395 seconds .

========================================================================
Received Import Request.
  Time since last request: 24.675239 seconds.
  path: Assets/Scripts/Sorting/SelectionSort.cs
  artifactKey: Guid(886a3f71a7e92df4b98f5eee0f1eacbb) Importer(815301076,1909f56bfc062723c751e8b465ee728b)
Start importing Assets/Scripts/Sorting/SelectionSort.cs using Guid(886a3f71a7e92df4b98f5eee0f1eacbb) Importer(815301076,1909f56bfc062723c751e8b465ee728b)  -> (artifact id: '3e749d63ffcabbdb24049232f137acd5') in 0.002645 seconds
  Import took 0.004659 seconds .

========================================================================
Received Import Request.
  Time since last request: 245.855663 seconds.
  path: Assets/Scripts/Sorting/SelectionSort.cs
  artifactKey: Guid(886a3f71a7e92df4b98f5eee0f1eacbb) Importer(815301076,1909f56bfc062723c751e8b465ee728b)
Start importing Assets/Scripts/Sorting/SelectionSort.cs using Guid(886a3f71a7e92df4b98f5eee0f1eacbb) Importer(815301076,1909f56bfc062723c751e8b465ee728b)  -> (artifact id: '8cd8c985622ebc6c39365fbaffbbcec7') in 0.002633 seconds
  Import took 0.004833 seconds .

========================================================================
Received Import Request.
  Time since last request: 28.253820 seconds.
  path: Assets/Scripts/Sorting/SelectionSort.cs
  artifactKey: Guid(886a3f71a7e92df4b98f5eee0f1eacbb) Importer(815301076,1909f56bfc062723c751e8b465ee728b)
Start importing Assets/Scripts/Sorting/SelectionSort.cs using Guid(886a3f71a7e92df4b98f5eee0f1eacbb) Importer(815301076,1909f56bfc062723c751e8b465ee728b)  -> (artifact id: 'b479fba4de5934e85fb05f6da678e93e') in 0.002550 seconds
  Import took 0.004350 seconds .

========================================================================
Received Import Request.
  Time since last request: 39.259370 seconds.
  path: Assets/Scripts/Sorting/SelectionSort.cs
  artifactKey: Guid(886a3f71a7e92df4b98f5eee0f1eacbb) Importer(815301076,1909f56bfc062723c751e8b465ee728b)
Start importing Assets/Scripts/Sorting/SelectionSort.cs using Guid(886a3f71a7e92df4b98f5eee0f1eacbb) Importer(815301076,1909f56bfc062723c751e8b465ee728b)  -> (artifact id: '6adae3e68eeff5a704688fcebbaa00a2') in 0.002325 seconds
  Import took 0.004356 seconds .

========================================================================
Received Import Request.
  Time since last request: 8.426645 seconds.
  path: Assets/Scripts/Sorting/SelectionSort.cs
  artifactKey: Guid(886a3f71a7e92df4b98f5eee0f1eacbb) Importer(815301076,1909f56bfc062723c751e8b465ee728b)
Start importing Assets/Scripts/Sorting/SelectionSort.cs using Guid(886a3f71a7e92df4b98f5eee0f1eacbb) Importer(815301076,1909f56bfc062723c751e8b465ee728b)  -> (artifact id: '9a46a49795129322f2e470a74e5970a5') in 0.003909 seconds
  Import took 0.006052 seconds .

========================================================================
Received Import Request.
  Time since last request: 15.912105 seconds.
  path: Assets/Scripts/Sorting/SelectionSort.cs
  artifactKey: Guid(886a3f71a7e92df4b98f5eee0f1eacbb) Importer(815301076,1909f56bfc062723c751e8b465ee728b)
Start importing Assets/Scripts/Sorting/SelectionSort.cs using Guid(886a3f71a7e92df4b98f5eee0f1eacbb) Importer(815301076,1909f56bfc062723c751e8b465ee728b)  -> (artifact id: '833885bacf9041d7b6611f746d4b7c24') in 0.003640 seconds
  Import took 0.005709 seconds .

========================================================================
Received Prepare
Registering precompiled user dll's ...
Registered in 0.000901 seconds.
Begin MonoManager ReloadAssembly
Native extension for WindowsStandalone target not found
Refreshing native plugins compatible for Editor in 0.20 ms, found 0 plugins.
Preloading 0 native plugins for Editor in 0.00 ms.
Invoked RoslynAnalysisRunner static constructor.
RoslynAnalysisRunner will not be running.
RoslynAnalysisRunner has terminated.
Mono: successfully reloaded assembly
- Completed reload, in  0.750 seconds
Platform modules already initialized, skipping
Refreshing native plugins compatible for Editor in 0.18 ms, found 0 plugins.
Preloading 0 native plugins for Editor in 0.00 ms.
Unloading 1097 Unused Serialized files (Serialized files now loaded: 0)
System memory in use before: 56.8 MB.
System memory in use after: 56.9 MB.

Unloading 5 unused Assets to reduce memory usage. Loaded Objects now: 1545.
Total: 1.792400 ms (FindLiveObjects: 0.128900 ms CreateObjectMapping: 0.028900 ms MarkObjects: 1.581700 ms  DeleteObjects: 0.052000 ms)

========================================================================
Received Prepare
Registering precompiled user dll's ...
Registered in 0.000712 seconds.
Begin MonoManager ReloadAssembly
Native extension for WindowsStandalone target not found
Refreshing native plugins compatible for Editor in 0.18 ms, found 0 plugins.
Preloading 0 native plugins for Editor in 0.00 ms.
Invoked RoslynAnalysisRunner static constructor.
RoslynAnalysisRunner will not be running.
RoslynAnalysisRunner has terminated.
Mono: successfully reloaded assembly
- Completed reload, in  0.733 seconds
Platform modules already initialized, skipping
Refreshing native plugins compatible for Editor in 0.19 ms, found 0 plugins.
Preloading 0 native plugins for Editor in 0.00 ms.
Unloading 1097 Unused Serialized files (Serialized files now loaded: 0)
System memory in use before: 56.9 MB.
System memory in use after: 57.0 MB.

Unloading 5 unused Assets to reduce memory usage. Loaded Objects now: 1547.
Total: 1.625300 ms (FindLiveObjects: 0.116400 ms CreateObjectMapping: 0.031000 ms MarkObjects: 1.432100 ms  DeleteObjects: 0.044900 ms)

========================================================================
Received Prepare
Registering precompiled user dll's ...
Registered in 0.000709 seconds.
Begin MonoManager ReloadAssembly
Native extension for WindowsStandalone target not found
Refreshing native plugins compatible for Editor in 0.20 ms, found 0 plugins.
Preloading 0 native plugins for Editor in 0.00 ms.
Invoked RoslynAnalysisRunner static constructor.
RoslynAnalysisRunner will not be running.
RoslynAnalysisRunner has terminated.
Mono: successfully reloaded assembly
- Completed reload, in  0.764 seconds
Platform modules already initialized, skipping
Refreshing native plugins compatible for Editor in 0.19 ms, found 0 plugins.
Preloading 0 native plugins for Editor in 0.00 ms.
Unloading 1097 Unused Serialized files (Serialized files now loaded: 0)
System memory in use before: 57.0 MB.
System memory in use after: 57.1 MB.

Unloading 5 unused Assets to reduce memory usage. Loaded Objects now: 1549.
Total: 1.749000 ms (FindLiveObjects: 0.149200 ms CreateObjectMapping: 0.037400 ms MarkObjects: 1.500700 ms  DeleteObjects: 0.059900 ms)

========================================================================
Received Prepare
Registering precompiled user dll's ...
Registered in 0.000654 seconds.
Begin MonoManager ReloadAssembly
Native extension for WindowsStandalone target not found
Refreshing native plugins compatible for Editor in 0.19 ms, found 0 plugins.
Preloading 0 native plugins for Editor in 0.00 ms.
Invoked RoslynAnalysisRunner static constructor.
RoslynAnalysisRunner will not be running.
RoslynAnalysisRunner has terminated.
Mono: successfully reloaded assembly
- Completed reload, in  0.735 seconds
Platform modules already initialized, skipping
Refreshing native plugins compatible for Editor in 0.19 ms, found 0 plugins.
Preloading 0 native plugins for Editor in 0.00 ms.
Unloading 1097 Unused Serialized files (Serialized files now loaded: 0)
System memory in use before: 57.2 MB.
System memory in use after: 57.2 MB.

Unloading 5 unused Assets to reduce memory usage. Loaded Objects now: 1551.
Total: 1.841900 ms (FindLiveObjects: 0.132900 ms CreateObjectMapping: 0.031600 ms MarkObjects: 1.627500 ms  DeleteObjects: 0.049000 ms)

========================================================================
Received Prepare
Registering precompiled user dll's ...
Registered in 0.000851 seconds.
Begin MonoManager ReloadAssembly
Native extension for WindowsStandalone target not found
Refreshing native plugins compatible for Editor in 0.19 ms, found 0 plugins.
Preloading 0 native plugins for Editor in 0.00 ms.
Invoked RoslynAnalysisRunner static constructor.
RoslynAnalysisRunner will not be running.
RoslynAnalysisRunner has terminated.
Mono: successfully reloaded assembly
- Completed reload, in  0.709 seconds
Platform modules already initialized, skipping
Refreshing native plugins compatible for Editor in 0.19 ms, found 0 plugins.
Preloading 0 native plugins for Editor in 0.00 ms.
Unloading 1097 Unused Serialized files (Serialized files now loaded: 0)
System memory in use before: 57.3 MB.
System memory in use after: 57.4 MB.

Unloading 5 unused Assets to reduce memory usage. Loaded Objects now: 1553.
Total: 1.513700 ms (FindLiveObjects: 0.191300 ms CreateObjectMapping: 0.055900 ms MarkObjects: 1.216500 ms  DeleteObjects: 0.048800 ms)

========================================================================
Received Prepare
Registering precompiled user dll's ...
Registered in 0.000702 seconds.
Begin MonoManager ReloadAssembly
Native extension for WindowsStandalone target not found
Refreshing native plugins compatible for Editor in 0.19 ms, found 0 plugins.
Preloading 0 native plugins for Editor in 0.00 ms.
Invoked RoslynAnalysisRunner static constructor.
RoslynAnalysisRunner will not be running.
RoslynAnalysisRunner has terminated.
Mono: successfully reloaded assembly
- Completed reload, in  0.753 seconds
Platform modules already initialized, skipping
Refreshing native plugins compatible for Editor in 0.19 ms, found 0 plugins.
Preloading 0 native plugins for Editor in 0.00 ms.
Unloading 1097 Unused Serialized files (Serialized files now loaded: 0)
System memory in use before: 57.4 MB.
System memory in use after: 57.5 MB.

Unloading 5 unused Assets to reduce memory usage. Loaded Objects now: 1555.
Total: 1.647500 ms (FindLiveObjects: 0.144000 ms CreateObjectMapping: 0.038500 ms MarkObjects: 1.413400 ms  DeleteObjects: 0.050600 ms)

========================================================================
Received Prepare
Registering precompiled user dll's ...
Registered in 0.000731 seconds.
Begin MonoManager ReloadAssembly
Native extension for WindowsStandalone target not found
Refreshing native plugins compatible for Editor in 0.19 ms, found 0 plugins.
Preloading 0 native plugins for Editor in 0.00 ms.
Invoked RoslynAnalysisRunner static constructor.
RoslynAnalysisRunner will not be running.
RoslynAnalysisRunner has terminated.
Mono: successfully reloaded assembly
- Completed reload, in  0.774 seconds
Platform modules already initialized, skipping
Refreshing native plugins compatible for Editor in 0.22 ms, found 0 plugins.
Preloading 0 native plugins for Editor in 0.00 ms.
Unloading 1097 Unused Serialized files (Serialized files now loaded: 0)
System memory in use before: 57.5 MB.
System memory in use after: 57.6 MB.

Unloading 5 unused Assets to reduce memory usage. Loaded Objects now: 1557.
Total: 2.302500 ms (FindLiveObjects: 0.141900 ms CreateObjectMapping: 0.036200 ms MarkObjects: 2.063600 ms  DeleteObjects: 0.059500 ms)

========================================================================
Received Import Request.
  Time since last request: 1865.006533 seconds.
  path: Assets/Scenes/Algorithms.unity
  artifactKey: Guid(cd1aba0e1599d3a4ba6d5010cd46d43f) Importer(815301076,1909f56bfc062723c751e8b465ee728b)
Start importing Assets/Scenes/Algorithms.unity using Guid(cd1aba0e1599d3a4ba6d5010cd46d43f) Importer(815301076,1909f56bfc062723c751e8b465ee728b)  -> (artifact id: '4b4f95f9c094f32d93342c23e55554f5') in 0.015646 seconds
  Import took 0.018042 seconds .

========================================================================
Received Import Request.
  Time since last request: 5.329559 seconds.
  path: Assets/Scenes/Sorting.unity
  artifactKey: Guid(cd1aba0e1599d3a4ba6d5010cd46d43f) Importer(815301076,1909f56bfc062723c751e8b465ee728b)
Start importing Assets/Scenes/Sorting.unity using Guid(cd1aba0e1599d3a4ba6d5010cd46d43f) Importer(815301076,1909f56bfc062723c751e8b465ee728b)  -> (artifact id: '2dc432776d626024528029257896ba5e') in 0.007965 seconds
  Import took 0.010048 seconds .

========================================================================
Received Import Request.
  Time since last request: 7.155191 seconds.
  path: Assets/Scenes/Searching.unity
  artifactKey: Guid(383b096de1e958842bec94275d0edd81) Importer(815301076,1909f56bfc062723c751e8b465ee728b)
Start importing Assets/Scenes/Searching.unity using Guid(383b096de1e958842bec94275d0edd81) Importer(815301076,1909f56bfc062723c751e8b465ee728b)  -> (artifact id: '0843b937fa347711a8747644b387f2d8') in 0.006834 seconds
  Import took 0.009038 seconds .

========================================================================
Received Import Request.
  Time since last request: 11.880413 seconds.
  path: Assets/Scripts/Searching
  artifactKey: Guid(4c8850b1da9e24644a6e1cc58ba2176f) Importer(815301076,1909f56bfc062723c751e8b465ee728b)
Start importing Assets/Scripts/Searching using Guid(4c8850b1da9e24644a6e1cc58ba2176f) Importer(815301076,1909f56bfc062723c751e8b465ee728b)  -> (artifact id: 'd23ecc8bd99e02c9f46776af56a98a2c') in 0.007307 seconds
  Import took 0.009290 seconds .

========================================================================
Received Import Request.
  Time since last request: 14.236802 seconds.
  path: Assets/Scripts/Searching/Pathfinding.cs
  artifactKey: Guid(5903f995d74ffc34d9737bd01c49c2fd) Importer(815301076,1909f56bfc062723c751e8b465ee728b)
Start importing Assets/Scripts/Searching/Pathfinding.cs using Guid(5903f995d74ffc34d9737bd01c49c2fd) Importer(815301076,1909f56bfc062723c751e8b465ee728b)  -> (artifact id: '8059123a8374f03d516628c28c52beb8') in 0.008577 seconds
  Import took 0.010945 seconds .

========================================================================
Received Prepare
Registering precompiled user dll's ...
Registered in 0.000826 seconds.
Begin MonoManager ReloadAssembly
Native extension for WindowsStandalone target not found
Refreshing native plugins compatible for Editor in 0.19 ms, found 0 plugins.
Preloading 0 native plugins for Editor in 0.00 ms.
Invoked RoslynAnalysisRunner static constructor.
RoslynAnalysisRunner will not be running.
RoslynAnalysisRunner has terminated.
Mono: successfully reloaded assembly
- Completed reload, in  0.843 seconds
Platform modules already initialized, skipping
Refreshing native plugins compatible for Editor in 0.18 ms, found 0 plugins.
Preloading 0 native plugins for Editor in 0.00 ms.
Unloading 1098 Unused Serialized files (Serialized files now loaded: 0)
System memory in use before: 57.7 MB.
System memory in use after: 57.7 MB.

Unloading 5 unused Assets to reduce memory usage. Loaded Objects now: 1560.
Total: 1.722400 ms (FindLiveObjects: 0.218200 ms CreateObjectMapping: 0.059400 ms MarkObjects: 1.394000 ms  DeleteObjects: 0.049700 ms)

========================================================================
Received Import Request.
  Time since last request: 88.285694 seconds.
  path: Assets/Scripts/Searching/Grid.cs
  artifactKey: Guid(8ca41c5f5d6a2f94cb19460b06ce26c4) Importer(815301076,1909f56bfc062723c751e8b465ee728b)
Start importing Assets/Scripts/Searching/Grid.cs using Guid(8ca41c5f5d6a2f94cb19460b06ce26c4) Importer(815301076,1909f56bfc062723c751e8b465ee728b)  -> (artifact id: '9c04a5ee0df532518c830f63686432f1') in 0.010913 seconds
  Import took 0.013427 seconds .

========================================================================
Received Prepare
Registering precompiled user dll's ...
Registered in 0.000709 seconds.
Begin MonoManager ReloadAssembly
Native extension for WindowsStandalone target not found
Refreshing native plugins compatible for Editor in 0.19 ms, found 0 plugins.
Preloading 0 native plugins for Editor in 0.00 ms.
Invoked RoslynAnalysisRunner static constructor.
RoslynAnalysisRunner will not be running.
RoslynAnalysisRunner has terminated.
Mono: successfully reloaded assembly
- Completed reload, in  0.810 seconds
Platform modules already initialized, skipping
Refreshing native plugins compatible for Editor in 0.19 ms, found 0 plugins.
Preloading 0 native plugins for Editor in 0.00 ms.
Unloading 1099 Unused Serialized files (Serialized files now loaded: 0)
System memory in use before: 57.8 MB.
System memory in use after: 57.9 MB.

Unloading 5 unused Assets to reduce memory usage. Loaded Objects now: 1563.
Total: 1.544000 ms (FindLiveObjects: 0.156000 ms CreateObjectMapping: 0.043000 ms MarkObjects: 1.293800 ms  DeleteObjects: 0.049900 ms)

========================================================================
Received Prepare
Registering precompiled user dll's ...
Registered in 0.000691 seconds.
Begin MonoManager ReloadAssembly
Native extension for WindowsStandalone target not found
Refreshing native plugins compatible for Editor in 0.21 ms, found 0 plugins.
Preloading 0 native plugins for Editor in 0.00 ms.
Invoked RoslynAnalysisRunner static constructor.
RoslynAnalysisRunner will not be running.
RoslynAnalysisRunner has terminated.
Mono: successfully reloaded assembly
- Completed reload, in  0.744 seconds
Platform modules already initialized, skipping
Refreshing native plugins compatible for Editor in 0.19 ms, found 0 plugins.
Preloading 0 native plugins for Editor in 0.00 ms.
Unloading 1099 Unused Serialized files (Serialized files now loaded: 0)
System memory in use before: 57.9 MB.
System memory in use after: 58.0 MB.

Unloading 5 unused Assets to reduce memory usage. Loaded Objects now: 1565.
Total: 1.701400 ms (FindLiveObjects: 0.133000 ms CreateObjectMapping: 0.030000 ms MarkObjects: 1.485100 ms  DeleteObjects: 0.052700 ms)

========================================================================
Received Import Request.
  Time since last request: 768.930042 seconds.
  path: Assets/Scripts/Searching/Grid.cs
  artifactKey: Guid(8ca41c5f5d6a2f94cb19460b06ce26c4) Importer(815301076,1909f56bfc062723c751e8b465ee728b)
Start importing Assets/Scripts/Searching/Grid.cs using Guid(8ca41c5f5d6a2f94cb19460b06ce26c4) Importer(815301076,1909f56bfc062723c751e8b465ee728b)  -> (artifact id: '35751748f1e89857fa6018823afadfdc') in 0.006587 seconds
  Import took 0.008272 seconds .

AssetImportWorkerClient::OnTransportError - code=2 error=End of file
